[debug] [2025-09-18T03:25:43.832Z] ----------------------------------------------------------------------
[debug] [2025-09-18T03:25:43.837Z] Command:       C:\Program Files\nodejs\node.exe C:\Users\mrmar\AppData\Roaming\npm\node_modules\firebase-tools\lib\bin\firebase.js init
[debug] [2025-09-18T03:25:43.838Z] CLI Version:   14.17.0
[debug] [2025-09-18T03:25:43.838Z] Platform:      win32
[debug] [2025-09-18T03:25:43.839Z] Node Version:  v22.18.0
[debug] [2025-09-18T03:25:43.839Z] Time:          Wed Sep 17 2025 23:25:43 GMT-0400 (Eastern Daylight Time)
[debug] [2025-09-18T03:25:43.840Z] ----------------------------------------------------------------------
[debug] 
[debug] [2025-09-18T03:25:43.850Z] > command requires scopes: ["email","openid","https://www.googleapis.com/auth/cloudplatformprojects.readonly","https://www.googleapis.com/auth/firebase","https://www.googleapis.com/auth/cloud-platform"]
[debug] [2025-09-18T03:25:43.850Z] > authorizing via signed-in user (jtolbert0175@gmail.com)
[info] 
     ######## #### ########  ######## ########     ###     ######  ########
     ##        ##  ##     ## ##       ##     ##  ##   ##  ##       ##
     ######    ##  ########  ######   ########  #########  ######  ######
     ##        ##  ##    ##  ##       ##     ## ##     ##       ## ##
     ##       #### ##     ## ######## ########  ##     ##  ######  ########

You're about to initialize a Firebase project in this directory:

  C:\users\mrmar\dev\imanjesolutions-app

[info] 
=== Project Setup
[info] 
[info] First, let's associate this project directory with a Firebase project.
[info] You can create multiple project aliases by running firebase use --add, 
[info] but for now we'll just set up a default project.
[info] 
[debug] [2025-09-18T03:27:57.454Z] Checked if tokens are valid: true, expires at: 1758169517817
[debug] [2025-09-18T03:27:57.454Z] Checked if tokens are valid: true, expires at: 1758169517817
[debug] [2025-09-18T03:27:57.456Z] >>> [apiv2][query] GET https://firebase.googleapis.com/v1beta1/projects pageSize=100
[debug] [2025-09-18T03:27:58.084Z] <<< [apiv2][status] GET https://firebase.googleapis.com/v1beta1/projects 200
[debug] [2025-09-18T03:27:58.084Z] <<< [apiv2][body] GET https://firebase.googleapis.com/v1beta1/projects [omitted]
[info] i  Using project imanjesolutions-40391 (imanjesolutions) 
[info] 
=== Hosting Setup
[debug] [2025-09-18T03:28:05.533Z] Checked if tokens are valid: true, expires at: 1758169517817
[debug] [2025-09-18T03:28:05.533Z] Checked if tokens are valid: true, expires at: 1758169517817
[debug] [2025-09-18T03:28:05.533Z] >>> [apiv2][query] GET https://firebase.googleapis.com/v1beta1/projects/imanjesolutions-40391 [none]
[debug] [2025-09-18T03:28:05.786Z] <<< [apiv2][status] GET https://firebase.googleapis.com/v1beta1/projects/imanjesolutions-40391 200
[debug] [2025-09-18T03:28:05.787Z] <<< [apiv2][body] GET https://firebase.googleapis.com/v1beta1/projects/imanjesolutions-40391 {"projectId":"imanjesolutions-40391","projectNumber":"529799448801","displayName":"imanjesolutions","name":"projects/imanjesolutions-40391","resources":{"hostingSite":"imanjesolutions-40391"},"state":"ACTIVE","etag":"1_8c289b63-e05e-44a1-8308-ca60d9c2f222"}
[info] 
[info] Your public directory is the folder (relative to your project directory) that
[info] will contain Hosting assets to be uploaded with firebase deploy. If you
[info] have a build process for your assets, use your build's output directory.
[info] 
[debug] [2025-09-18T03:29:08.665Z] >>> [apiv2][query] GET https://www.gstatic.com/firebasejs/releases.json [none]
[debug] [2025-09-18T03:29:08.753Z] <<< [apiv2][status] GET https://www.gstatic.com/firebasejs/releases.json 200
[debug] [2025-09-18T03:29:08.753Z] <<< [apiv2][body] GET https://www.gstatic.com/firebasejs/releases.json {"current":{"version":"12.2.1","browserURL":"https://www.gstatic.com/firebasejs/12.2.1/firebase.js","packageURL":"https://www.gstatic.com/firebasejs/12.2.1/firebase.tgz"},"live":{"version":"12.2","browserURL":"https://www.gstatic.com/firebasejs/live/12.2/firebase.js","packageURL":"https://www.gstatic.com/firebasejs/live/12.2/firebase.tgz"},"components":{"ai":"https://www.gstatic.com/firebasejs/12.2.1/firebase-ai.js","analytics":"https://www.gstatic.com/firebasejs/12.2.1/firebase-analytics.js","app":"https://www.gstatic.com/firebasejs/12.2.1/firebase-app.js","app-check":"https://www.gstatic.com/firebasejs/12.2.1/firebase-app-check.js","auth":"https://www.gstatic.com/firebasejs/12.2.1/firebase-auth.js","auth/cordova":"https://www.gstatic.com/firebasejs/12.2.1/firebase-auth/cordova.js","auth/web-extension":"https://www.gstatic.com/firebasejs/12.2.1/firebase-auth/web-extension.js","functions":"https://www.gstatic.com/firebasejs/12.2.1/firebase-functions.js","firestore":"https://www.gstatic.com/firebasejs/12.2.1/firebase-firestore.js","firestore/lite":"https://www.gstatic.com/firebasejs/12.2.1/firebase-firestore/lite.js","installations":"https://www.gstatic.com/firebasejs/12.2.1/firebase-installations.js","storage":"https://www.gstatic.com/firebasejs/12.2.1/firebase-storage.js","performance":"https://www.gstatic.com/firebasejs/12.2.1/firebase-performance.js","remote-config":"https://www.gstatic.com/firebasejs/12.2.1/firebase-remote-config.js","messaging":"https://www.gstatic.com/firebasejs/12.2.1/firebase-messaging.js","messaging/sw":"https://www.gstatic.com/firebasejs/12.2.1/firebase-messaging/sw.js","database":"https://www.gstatic.com/firebasejs/12.2.1/firebase-database.js","data-connect":"https://www.gstatic.com/firebasejs/12.2.1/firebase-data-connect.js","firestore.memory":"https://www.gstatic.com/firebasejs/12.2.1/firebase-firestore.memory.js"}}
[info] +  Wrote n/index.html 
[info] 
[info] i  Detected a .git folder at C:\users\mrmar\dev\imanjesolutions-app 
[info] i  Authorizing with GitHub to upload your service account to a GitHub repository's secrets store. 
[info] 
[info] Visit this URL on this device to log in:
[info] https://github.com/login/oauth/authorize?client_id=89cf50f02ac6aaed3484&state=745830346&redirect_uri=http%3A%2F%2Flocalhost%3A9005&scope=read%3Auser%20repo%20public_repo
[info] 
[info] Waiting for authentication...
[debug] [2025-09-18T03:29:35.274Z] >>> [apiv2][query] POST https://github.com/login/oauth/access_token [none]
[debug] [2025-09-18T03:29:35.275Z] >>> [apiv2][body] POST https://github.com/login/oauth/access_token [stream]
[debug] [2025-09-18T03:29:35.548Z] <<< [apiv2][status] POST https://github.com/login/oauth/access_token 200
[debug] [2025-09-18T03:29:35.549Z] <<< [apiv2][body] POST https://github.com/login/oauth/access_token {"access_token":"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","token_type":"bearer","scope":"read:user,repo"}
[debug] [2025-09-18T03:29:35.560Z] >>> [apiv2][query] GET https://api.github.com/user [none]
[debug] [2025-09-18T03:29:35.845Z] <<< [apiv2][status] GET https://api.github.com/user 200
[debug] [2025-09-18T03:29:35.845Z] <<< [apiv2][body] GET https://api.github.com/user {"login":"jtolbert1975","id":7552493,"node_id":"MDQ6VXNlcjc1NTI0OTM=","avatar_url":"https://avatars.githubusercontent.com/u/7552493?v=4","gravatar_id":"","url":"https://api.github.com/users/jtolbert1975","html_url":"https://github.com/jtolbert1975","followers_url":"https://api.github.com/users/jtolbert1975/followers","following_url":"https://api.github.com/users/jtolbert1975/following{/other_user}","gists_url":"https://api.github.com/users/jtolbert1975/gists{/gist_id}","starred_url":"https://api.github.com/users/jtolbert1975/starred{/owner}{/repo}","subscriptions_url":"https://api.github.com/users/jtolbert1975/subscriptions","organizations_url":"https://api.github.com/users/jtolbert1975/orgs","repos_url":"https://api.github.com/users/jtolbert1975/repos","events_url":"https://api.github.com/users/jtolbert1975/events{/privacy}","received_events_url":"https://api.github.com/users/jtolbert1975/received_events","type":"User","user_view_type":"private","site_admin":false,"name":"Jonathan Tolbert","company":"Imanje Solutions","blog":"","location":"Lawrenceville, GA","email":null,"hireable":null,"bio":null,"twitter_username":null,"notification_email":null,"public_repos":40,"public_gists":0,"followers":3,"following":4,"created_at":"2014-05-12T00:48:54Z","updated_at":"2025-09-11T19:44:38Z","private_gists":1,"total_private_repos":4,"owned_private_repos":4,"disk_usage":125757,"collaborators":3,"two_factor_authentication":false,"plan":{"name":"free","space":976562499,"collaborators":0,"private_repos":10000}}
[info] 
[info] +  Success! Logged into GitHub as jtolbert1975 
[info] 
[debug] [2025-09-18T03:30:11.542Z] >>> [apiv2][query] GET https://api.github.com/repos/imanjesolutions-app/actions/secrets/public-key type=owner
[debug] [2025-09-18T03:30:11.654Z] <<< [apiv2][status] GET https://api.github.com/repos/imanjesolutions-app/actions/secrets/public-key 404
[debug] [2025-09-18T03:30:11.654Z] <<< [apiv2][body] GET https://api.github.com/repos/imanjesolutions-app/actions/secrets/public-key {"message":"Not Found","documentation_url":"https://docs.github.com/rest","status":"404"}
[info] 
[info] 
[error] !  The provided authorization cannot be used with this repository. If this repository is in an organization, did you remember to grant access? 
[info] 
[info] i  Action required: Visit this URL to ensure access has been granted to the appropriate organization(s) for the Firebase CLI GitHub OAuth App: 
[info] https://github.com/settings/connections/applications/89cf50f02ac6aaed3484
[info] 
